<?xml version="1.0" encoding="UTF-8"?>
<testsuite xmlns:xsi="http://www.w3.org/2001/XMLSchema-instance" xsi:noNamespaceSchemaLocation="https://maven.apache.org/surefire/maven-surefire-plugin/xsd/surefire-test-report.xsd" name="edu.isu.archeo.AppTest" time="0.063" tests="1" errors="0" skipped="0" failures="0">
  <properties>
    <property name="java.specification.version" value="20"/>
    <property name="sun.jnu.encoding" value="UTF-8"/>
    <property name="java.class.path" value="/home/stud/projects/java/archeo/target/test-classes:/home/stud/projects/java/archeo/target/classes:/home/stud/.m2/repository/junit/junit/4.11/junit-4.11.jar:/home/stud/.m2/repository/org/hamcrest/hamcrest-core/1.3/hamcrest-core-1.3.jar:/home/stud/.m2/repository/org/apache/jena/jena-rdfpatch/4.8.0/jena-rdfpatch-4.8.0.jar:/home/stud/.m2/repository/org/apache/jena/jena-arq/4.8.0/jena-arq-4.8.0.jar:/home/stud/.m2/repository/org/apache/jena/jena-core/4.8.0/jena-core-4.8.0.jar:/home/stud/.m2/repository/org/apache/jena/jena-base/4.8.0/jena-base-4.8.0.jar:/home/stud/.m2/repository/org/apache/jena/jena-shaded-guava/4.8.0/jena-shaded-guava-4.8.0.jar:/home/stud/.m2/repository/org/apache/commons/commons-csv/1.10.0/commons-csv-1.10.0.jar:/home/stud/.m2/repository/commons-io/commons-io/2.11.0/commons-io-2.11.0.jar:/home/stud/.m2/repository/commons-codec/commons-codec/1.15/commons-codec-1.15.jar:/home/stud/.m2/repository/org/apache/commons/commons-compress/1.23.0/commons-compress-1.23.0.jar:/home/stud/.m2/repository/com/github/andrewoma/dexx/collection/0.7/collection-0.7.jar:/home/stud/.m2/repository/org/apache/jena/jena-iri/4.8.0/jena-iri-4.8.0.jar:/home/stud/.m2/repository/commons-cli/commons-cli/1.5.0/commons-cli-1.5.0.jar:/home/stud/.m2/repository/com/github/jsonld-java/jsonld-java/0.13.4/jsonld-java-0.13.4.jar:/home/stud/.m2/repository/com/google/code/gson/gson/2.10.1/gson-2.10.1.jar:/home/stud/.m2/repository/org/apache/httpcomponents/httpclient-cache/4.5.14/httpclient-cache-4.5.14.jar:/home/stud/.m2/repository/org/apache/httpcomponents/httpclient/4.5.14/httpclient-4.5.14.jar:/home/stud/.m2/repository/org/apache/httpcomponents/httpcore/4.4.16/httpcore-4.4.16.jar:/home/stud/.m2/repository/org/slf4j/jcl-over-slf4j/1.7.36/jcl-over-slf4j-1.7.36.jar:/home/stud/.m2/repository/org/slf4j/slf4j-api/1.7.36/slf4j-api-1.7.36.jar:/home/stud/.m2/repository/com/fasterxml/jackson/core/jackson-core/2.14.2/jackson-core-2.14.2.jar:/home/stud/.m2/repository/com/fasterxml/jackson/core/jackson-databind/2.14.2/jackson-databind-2.14.2.jar:/home/stud/.m2/repository/com/fasterxml/jackson/core/jackson-annotations/2.14.2/jackson-annotations-2.14.2.jar:/home/stud/.m2/repository/com/apicatalog/titanium-json-ld/1.3.2/titanium-json-ld-1.3.2.jar:/home/stud/.m2/repository/org/glassfish/jakarta.json/2.0.1/jakarta.json-2.0.1.jar:/home/stud/.m2/repository/com/google/protobuf/protobuf-java/3.22.2/protobuf-java-3.22.2.jar:/home/stud/.m2/repository/org/apache/thrift/libthrift/0.18.1/libthrift-0.18.1.jar:/home/stud/.m2/repository/org/apache/commons/commons-lang3/3.12.0/commons-lang3-3.12.0.jar:/home/stud/.m2/repository/org/apache/jena/jena-shacl/4.8.0/jena-shacl-4.8.0.jar:/home/stud/.m2/repository/org/apache/jena/jena-shex/4.8.0/jena-shex-4.8.0.jar:/home/stud/.m2/repository/org/apache/jena/jena-tdb/4.8.0/jena-tdb-4.8.0.jar:/home/stud/.m2/repository/org/apache/jena/jena-tdb2/4.8.0/jena-tdb2-4.8.0.jar:/home/stud/.m2/repository/org/apache/jena/jena-dboe-storage/4.8.0/jena-dboe-storage-4.8.0.jar:/home/stud/.m2/repository/org/apache/jena/jena-dboe-trans-data/4.8.0/jena-dboe-trans-data-4.8.0.jar:/home/stud/.m2/repository/org/apache/jena/jena-dboe-transaction/4.8.0/jena-dboe-transaction-4.8.0.jar:/home/stud/.m2/repository/org/apache/jena/jena-dboe-base/4.8.0/jena-dboe-base-4.8.0.jar:/home/stud/.m2/repository/org/apache/jena/jena-dboe-index/4.8.0/jena-dboe-index-4.8.0.jar:/home/stud/.m2/repository/org/apache/jena/jena-rdfconnection/4.8.0/jena-rdfconnection-4.8.0.jar:"/>
    <property name="java.vm.vendor" value="Oracle Corporation"/>
    <property name="sun.arch.data.model" value="64"/>
    <property name="java.vendor.url" value="https://openjdk.org/"/>
    <property name="os.name" value="Linux"/>
    <property name="java.vm.specification.version" value="20"/>
    <property name="sun.java.launcher" value="SUN_STANDARD"/>
    <property name="sun.boot.library.path" value="/usr/lib/jvm/java-20-openjdk/lib"/>
    <property name="sun.java.command" value="/home/stud/projects/java/archeo/target/surefire/surefirebooter16600265016467927128.jar /home/stud/projects/java/archeo/target/surefire 2023-04-28T17-30-18_198-jvmRun1 surefire2342091486214579355tmp surefire_014572011303748716825tmp"/>
    <property name="jdk.debug" value="release"/>
    <property name="surefire.test.class.path" value="/home/stud/projects/java/archeo/target/test-classes:/home/stud/projects/java/archeo/target/classes:/home/stud/.m2/repository/junit/junit/4.11/junit-4.11.jar:/home/stud/.m2/repository/org/hamcrest/hamcrest-core/1.3/hamcrest-core-1.3.jar:/home/stud/.m2/repository/org/apache/jena/jena-rdfpatch/4.8.0/jena-rdfpatch-4.8.0.jar:/home/stud/.m2/repository/org/apache/jena/jena-arq/4.8.0/jena-arq-4.8.0.jar:/home/stud/.m2/repository/org/apache/jena/jena-core/4.8.0/jena-core-4.8.0.jar:/home/stud/.m2/repository/org/apache/jena/jena-base/4.8.0/jena-base-4.8.0.jar:/home/stud/.m2/repository/org/apache/jena/jena-shaded-guava/4.8.0/jena-shaded-guava-4.8.0.jar:/home/stud/.m2/repository/org/apache/commons/commons-csv/1.10.0/commons-csv-1.10.0.jar:/home/stud/.m2/repository/commons-io/commons-io/2.11.0/commons-io-2.11.0.jar:/home/stud/.m2/repository/commons-codec/commons-codec/1.15/commons-codec-1.15.jar:/home/stud/.m2/repository/org/apache/commons/commons-compress/1.23.0/commons-compress-1.23.0.jar:/home/stud/.m2/repository/com/github/andrewoma/dexx/collection/0.7/collection-0.7.jar:/home/stud/.m2/repository/org/apache/jena/jena-iri/4.8.0/jena-iri-4.8.0.jar:/home/stud/.m2/repository/commons-cli/commons-cli/1.5.0/commons-cli-1.5.0.jar:/home/stud/.m2/repository/com/github/jsonld-java/jsonld-java/0.13.4/jsonld-java-0.13.4.jar:/home/stud/.m2/repository/com/google/code/gson/gson/2.10.1/gson-2.10.1.jar:/home/stud/.m2/repository/org/apache/httpcomponents/httpclient-cache/4.5.14/httpclient-cache-4.5.14.jar:/home/stud/.m2/repository/org/apache/httpcomponents/httpclient/4.5.14/httpclient-4.5.14.jar:/home/stud/.m2/repository/org/apache/httpcomponents/httpcore/4.4.16/httpcore-4.4.16.jar:/home/stud/.m2/repository/org/slf4j/jcl-over-slf4j/1.7.36/jcl-over-slf4j-1.7.36.jar:/home/stud/.m2/repository/org/slf4j/slf4j-api/1.7.36/slf4j-api-1.7.36.jar:/home/stud/.m2/repository/com/fasterxml/jackson/core/jackson-core/2.14.2/jackson-core-2.14.2.jar:/home/stud/.m2/repository/com/fasterxml/jackson/core/jackson-databind/2.14.2/jackson-databind-2.14.2.jar:/home/stud/.m2/repository/com/fasterxml/jackson/core/jackson-annotations/2.14.2/jackson-annotations-2.14.2.jar:/home/stud/.m2/repository/com/apicatalog/titanium-json-ld/1.3.2/titanium-json-ld-1.3.2.jar:/home/stud/.m2/repository/org/glassfish/jakarta.json/2.0.1/jakarta.json-2.0.1.jar:/home/stud/.m2/repository/com/google/protobuf/protobuf-java/3.22.2/protobuf-java-3.22.2.jar:/home/stud/.m2/repository/org/apache/thrift/libthrift/0.18.1/libthrift-0.18.1.jar:/home/stud/.m2/repository/org/apache/commons/commons-lang3/3.12.0/commons-lang3-3.12.0.jar:/home/stud/.m2/repository/org/apache/jena/jena-shacl/4.8.0/jena-shacl-4.8.0.jar:/home/stud/.m2/repository/org/apache/jena/jena-shex/4.8.0/jena-shex-4.8.0.jar:/home/stud/.m2/repository/org/apache/jena/jena-tdb/4.8.0/jena-tdb-4.8.0.jar:/home/stud/.m2/repository/org/apache/jena/jena-tdb2/4.8.0/jena-tdb2-4.8.0.jar:/home/stud/.m2/repository/org/apache/jena/jena-dboe-storage/4.8.0/jena-dboe-storage-4.8.0.jar:/home/stud/.m2/repository/org/apache/jena/jena-dboe-trans-data/4.8.0/jena-dboe-trans-data-4.8.0.jar:/home/stud/.m2/repository/org/apache/jena/jena-dboe-transaction/4.8.0/jena-dboe-transaction-4.8.0.jar:/home/stud/.m2/repository/org/apache/jena/jena-dboe-base/4.8.0/jena-dboe-base-4.8.0.jar:/home/stud/.m2/repository/org/apache/jena/jena-dboe-index/4.8.0/jena-dboe-index-4.8.0.jar:/home/stud/.m2/repository/org/apache/jena/jena-rdfconnection/4.8.0/jena-rdfconnection-4.8.0.jar:"/>
    <property name="sun.cpu.endian" value="little"/>
    <property name="user.home" value="/home/stud"/>
    <property name="user.language" value="en"/>
    <property name="java.specification.vendor" value="Oracle Corporation"/>
    <property name="java.version.date" value="2023-04-18"/>
    <property name="java.home" value="/usr/lib/jvm/java-20-openjdk"/>
    <property name="file.separator" value="/"/>
    <property name="basedir" value="/home/stud/projects/java/archeo"/>
    <property name="java.vm.compressedOopsMode" value="32-bit"/>
    <property name="line.separator" value="&#10;"/>
    <property name="java.vm.specification.vendor" value="Oracle Corporation"/>
    <property name="java.specification.name" value="Java Platform API Specification"/>
    <property name="surefire.real.class.path" value="/home/stud/projects/java/archeo/target/surefire/surefirebooter16600265016467927128.jar"/>
    <property name="sun.management.compiler" value="HotSpot 64-Bit Tiered Compilers"/>
    <property name="java.runtime.version" value="20.0.1+9"/>
    <property name="user.name" value="stud"/>
    <property name="stdout.encoding" value="UTF-8"/>
    <property name="path.separator" value=":"/>
    <property name="os.version" value="6.1.19-1-lts"/>
    <property name="java.runtime.name" value="OpenJDK Runtime Environment"/>
    <property name="file.encoding" value="UTF-8"/>
    <property name="java.vm.name" value="OpenJDK 64-Bit Server VM"/>
    <property name="localRepository" value="/home/stud/.m2/repository"/>
    <property name="java.vendor.url.bug" value="https://bugreport.java.com/bugreport/"/>
    <property name="java.io.tmpdir" value="/tmp"/>
    <property name="java.version" value="20.0.1"/>
    <property name="user.dir" value="/home/stud/projects/java/archeo"/>
    <property name="os.arch" value="amd64"/>
    <property name="java.vm.specification.name" value="Java Virtual Machine Specification"/>
    <property name="native.encoding" value="UTF-8"/>
    <property name="java.library.path" value="/usr/java/packages/lib:/usr/lib64:/lib64:/lib:/usr/lib"/>
    <property name="stderr.encoding" value="UTF-8"/>
    <property name="java.vm.info" value="mixed mode, sharing"/>
    <property name="java.vendor" value="N/A"/>
    <property name="java.vm.version" value="20.0.1+9"/>
    <property name="sun.io.unicode.encoding" value="UnicodeLittle"/>
    <property name="java.class.version" value="64.0"/>
  </properties>
  <testcase name="shouldAnswerWithTrue" classname="edu.isu.archeo.AppTest" time="0.005"/>
</testsuite>